[2025-11-19 12:51:22,433- INFO- main - >>>>>> stage Data Ingestion Stage started <<<<<<]
[2025-11-19 12:51:22,457- INFO- common - yaml file :config\config.yaml loaded successfully]
[2025-11-19 12:51:22,477- INFO- common - yaml file :params.yaml loaded successfully]
[2025-11-19 12:51:22,478- INFO- common - yaml file :schema.yaml loaded successfully]
[2025-11-19 12:51:22,479- INFO- common - created directory at:artifacts]
[2025-11-19 12:51:22,480- INFO- common - created directory at:artifacts/data_ingestion]
[2025-11-19 12:51:23,306- INFO- data_ingestion - artifacts/data_ingestion/data.zip download! with following info: 
Connection: close
Content-Length: 23329
Cache-Control: max-age=300
Content-Security-Policy: default-src 'none'; style-src 'unsafe-inline'; sandbox
Content-Type: application/zip
ETag: "c69888a4ae59bc5a893392785a938ccd4937981c06ba8a9d6a21aa52b4ab5b6e"
Strict-Transport-Security: max-age=31536000
X-Content-Type-Options: nosniff
X-Frame-Options: deny
X-XSS-Protection: 1; mode=block
X-GitHub-Request-Id: C1C1:252DF:401FE7:7C588E:691D6FF4
Accept-Ranges: bytes
Date: Wed, 19 Nov 2025 07:21:24 GMT
Via: 1.1 varnish
X-Served-By: cache-bom-vanm7210047-BOM
X-Cache: MISS
X-Cache-Hits: 0
X-Timer: S1763536884.437972,VS0,VE225
Vary: Authorization,Accept-Encoding
Access-Control-Allow-Origin: *
Cross-Origin-Resource-Policy: cross-origin
X-Fastly-Request-ID: f712a186ae0b67d0c7f3ccd8475fc3172dfaf880
Expires: Wed, 19 Nov 2025 07:26:24 GMT
Source-Age: 0

]
[2025-11-19 12:51:23,330- INFO- main - >>>>>> stage Data Ingestion Stage completed <<<<]
[2025-11-27 11:18:36,223- INFO- common - yaml file :config\config.yaml loaded successfully]
[2025-11-27 11:18:36,226- INFO- common - yaml file :params.yaml loaded successfully]
[2025-11-27 11:18:36,252- INFO- common - yaml file :schema.yaml loaded successfully]
[2025-11-27 11:18:36,253- INFO- common - created directory at:artifacts]
[2025-11-27 11:18:36,255- INFO- common - created directory at:artifacts/data_validation]
[2025-11-27 11:55:20,243- INFO- main - >>>>>> stage Data Ingestion Stage started <<<<<<]
[2025-11-27 11:55:20,261- INFO- common - yaml file :config\config.yaml loaded successfully]
[2025-11-27 11:55:20,262- INFO- common - yaml file :params.yaml loaded successfully]
[2025-11-27 11:55:20,277- INFO- common - yaml file :schema.yaml loaded successfully]
[2025-11-27 11:55:20,280- INFO- common - created directory at:artifacts]
[2025-11-27 11:55:20,281- INFO- common - created directory at:artifacts/data_ingestion]
[2025-11-27 11:55:20,281- INFO- data_ingestion - File already exists]
[2025-11-27 11:55:20,320- INFO- main - >>>>>> stage Data Ingestion Stage completed <<<<]
[2025-11-27 11:55:20,320- INFO- main - >>stage Data Validation stage started]
[2025-11-27 11:55:20,320- INFO- common - yaml file :config\config.yaml loaded successfully]
[2025-11-27 11:55:20,320- INFO- common - yaml file :params.yaml loaded successfully]
[2025-11-27 11:55:20,320- INFO- common - yaml file :schema.yaml loaded successfully]
[2025-11-27 11:55:20,320- INFO- common - created directory at:artifacts]
[2025-11-27 11:55:20,328- INFO- common - created directory at:artifacts/data_validation]
[2025-11-27 11:55:20,359- INFO- main - >>>>>> stage Data Validation stage completed <<<<<<

x==========x]
[2025-11-27 14:34:25,974- INFO- common - yaml file :config\config.yaml loaded successfully]
[2025-11-27 14:34:25,993- INFO- common - yaml file :params.yaml loaded successfully]
[2025-11-27 14:34:26,017- INFO- common - yaml file :schema.yaml loaded successfully]
[2025-11-27 14:34:26,020- INFO- common - created directory at:artifacts]
[2025-11-27 14:34:26,022- INFO- common - created directory at:artifacts/data_transformation]
[2025-11-27 14:34:26,093- INFO- 4263024283 - data transformation is done]
[2025-11-27 14:34:26,095- INFO- 4263024283 - (1199, 12)]
[2025-11-27 14:34:26,096- INFO- 4263024283 - (400, 12)]
[2025-11-27 14:48:25,839- INFO- main - >>>>>> stage Data Ingestion Stage started <<<<<<]
[2025-11-27 14:48:25,839- INFO- common - yaml file :config\config.yaml loaded successfully]
[2025-11-27 14:48:25,843- INFO- common - yaml file :params.yaml loaded successfully]
[2025-11-27 14:48:25,845- INFO- common - yaml file :schema.yaml loaded successfully]
[2025-11-27 14:48:25,845- INFO- common - created directory at:artifacts]
[2025-11-27 14:48:25,845- INFO- common - created directory at:artifacts/data_ingestion]
[2025-11-27 14:48:25,845- INFO- data_ingestion - File already exists]
[2025-11-27 14:48:25,883- INFO- main - >>>>>> stage Data Ingestion Stage completed <<<<]
[2025-11-27 14:48:25,883- INFO- main - >>stage Data Validation stage started]
[2025-11-27 14:48:25,889- INFO- common - yaml file :config\config.yaml loaded successfully]
[2025-11-27 14:48:25,889- INFO- common - yaml file :params.yaml loaded successfully]
[2025-11-27 14:48:25,895- INFO- common - yaml file :schema.yaml loaded successfully]
[2025-11-27 14:48:25,896- INFO- common - created directory at:artifacts]
[2025-11-27 14:48:25,897- INFO- common - created directory at:artifacts/data_validation]
[2025-11-27 14:48:25,926- INFO- main - >>>>>> stage Data Validation stage completed <<<<<<

x==========x]
[2025-11-27 14:48:25,927- INFO- main - >>stage Data Transformation stage started]
[2025-11-27 14:48:25,930- INFO- common - yaml file :config\config.yaml loaded successfully]
[2025-11-27 14:48:25,931- INFO- common - yaml file :params.yaml loaded successfully]
[2025-11-27 14:48:25,934- INFO- common - yaml file :schema.yaml loaded successfully]
[2025-11-27 14:48:25,934- INFO- common - created directory at:artifacts]
[2025-11-27 14:48:25,935- INFO- common - created directory at:artifacts/data_transformation]
[2025-11-27 14:48:25,959- INFO- data_transformation - data transformation is done]
[2025-11-27 14:48:25,960- INFO- data_transformation - (1199, 12)]
[2025-11-27 14:48:25,960- INFO- data_transformation - (400, 12)]
[2025-11-27 14:48:25,960- INFO- main - >>>>>> stage Data Transformation stage completed <<<<<<

x==========x]
[2025-11-27 14:53:53,790- INFO- main - >>>>>> stage Data Ingestion Stage started <<<<<<]
[2025-11-27 14:53:53,818- INFO- common - yaml file :config\config.yaml loaded successfully]
[2025-11-27 14:53:53,833- INFO- common - yaml file :params.yaml loaded successfully]
[2025-11-27 14:53:53,848- INFO- common - yaml file :schema.yaml loaded successfully]
[2025-11-27 14:53:53,849- INFO- common - created directory at:artifacts]
[2025-11-27 14:53:53,849- INFO- common - created directory at:artifacts/data_ingestion]
[2025-11-27 14:53:53,850- INFO- data_ingestion - File already exists]
[2025-11-27 14:53:53,892- INFO- main - >>>>>> stage Data Ingestion Stage completed <<<<]
[2025-11-27 14:53:53,892- INFO- main - >>stage Data Validation stage started]
[2025-11-27 14:53:53,896- INFO- common - yaml file :config\config.yaml loaded successfully]
[2025-11-27 14:53:53,898- INFO- common - yaml file :params.yaml loaded successfully]
[2025-11-27 14:53:53,904- INFO- common - yaml file :schema.yaml loaded successfully]
[2025-11-27 14:53:53,908- INFO- common - created directory at:artifacts]
[2025-11-27 14:53:53,910- INFO- common - created directory at:artifacts/data_validation]
[2025-11-27 14:53:53,954- INFO- main - >>>>>> stage Data Validation stage completed <<<<<<

x==========x]
[2025-11-27 14:53:53,954- INFO- main - >>stage Data Transformation stage started]
[2025-11-27 14:53:53,954- INFO- main - >>>>>> stage Data Transformation stage completed <<<<<<

x==========x]
[2025-11-27 14:55:50,507- INFO- main - >>>>>> stage Data Ingestion Stage started <<<<<<]
[2025-11-27 14:55:50,517- INFO- common - yaml file :config\config.yaml loaded successfully]
[2025-11-27 14:55:50,519- INFO- common - yaml file :params.yaml loaded successfully]
[2025-11-27 14:55:50,521- INFO- common - yaml file :schema.yaml loaded successfully]
[2025-11-27 14:55:50,521- INFO- common - created directory at:artifacts]
[2025-11-27 14:55:50,521- INFO- common - created directory at:artifacts/data_ingestion]
[2025-11-27 14:55:50,523- INFO- data_ingestion - File already exists]
[2025-11-27 14:55:50,529- INFO- main - >>>>>> stage Data Ingestion Stage completed <<<<]
[2025-11-27 14:55:50,529- INFO- main - >>stage Data Validation stage started]
[2025-11-27 14:55:50,534- INFO- common - yaml file :config\config.yaml loaded successfully]
[2025-11-27 14:55:50,535- INFO- common - yaml file :params.yaml loaded successfully]
[2025-11-27 14:55:50,537- INFO- common - yaml file :schema.yaml loaded successfully]
[2025-11-27 14:55:50,538- INFO- common - created directory at:artifacts]
[2025-11-27 14:55:50,539- INFO- common - created directory at:artifacts/data_validation]
[2025-11-27 14:55:50,569- INFO- main - >>>>>> stage Data Validation stage completed <<<<<<

x==========x]
[2025-11-27 14:55:50,569- INFO- main - >>stage Data Transformation stage started]
[2025-11-27 14:55:50,569- INFO- main - >>>>>> stage Data Transformation stage completed <<<<<<

x==========x]
[2025-11-27 14:57:03,427- INFO- main - >>>>>> stage Data Ingestion Stage started <<<<<<]
[2025-11-27 14:57:03,432- INFO- common - yaml file :config\config.yaml loaded successfully]
[2025-11-27 14:57:03,432- INFO- common - yaml file :params.yaml loaded successfully]
[2025-11-27 14:57:03,439- INFO- common - yaml file :schema.yaml loaded successfully]
[2025-11-27 14:57:03,441- INFO- common - created directory at:artifacts]
[2025-11-27 14:57:03,441- INFO- common - created directory at:artifacts/data_ingestion]
[2025-11-27 14:57:03,441- INFO- data_ingestion - File already exists]
[2025-11-27 14:57:03,447- INFO- main - >>>>>> stage Data Ingestion Stage completed <<<<]
[2025-11-27 14:57:03,447- INFO- main - >>stage Data Validation stage started]
[2025-11-27 14:57:03,450- INFO- common - yaml file :config\config.yaml loaded successfully]
[2025-11-27 14:57:03,451- INFO- common - yaml file :params.yaml loaded successfully]
[2025-11-27 14:57:03,453- INFO- common - yaml file :schema.yaml loaded successfully]
[2025-11-27 14:57:03,454- INFO- common - created directory at:artifacts]
[2025-11-27 14:57:03,456- INFO- common - created directory at:artifacts/data_validation]
[2025-11-27 14:57:03,479- INFO- main - >>>>>> stage Data Validation stage completed <<<<<<

x==========x]
[2025-11-27 14:57:03,487- INFO- main - >>stage Data Transformation stage started]
[2025-11-27 14:57:03,492- INFO- common - yaml file :config\config.yaml loaded successfully]
[2025-11-27 14:57:03,493- INFO- common - yaml file :params.yaml loaded successfully]
[2025-11-27 14:57:03,498- INFO- common - yaml file :schema.yaml loaded successfully]
[2025-11-27 14:57:03,499- INFO- common - created directory at:artifacts]
[2025-11-27 14:57:03,500- INFO- common - created directory at:artifacts/data_transformation]
[2025-11-27 14:57:03,519- INFO- data_transformation - data transformation is done]
[2025-11-27 14:57:03,519- INFO- data_transformation - (1199, 12)]
[2025-11-27 14:57:03,519- INFO- data_transformation - (400, 12)]
[2025-11-27 14:57:03,523- INFO- main - >>>>>> stage Data Transformation stage completed <<<<<<

x==========x]
[2025-12-02 17:21:33,199- INFO- common - yaml file :config\config.yaml loaded successfully]
[2025-12-02 17:21:33,204- INFO- common - yaml file :params.yaml loaded successfully]
[2025-12-02 17:21:33,210- INFO- common - yaml file :schema.yaml loaded successfully]
[2025-12-02 17:21:33,213- INFO- common - created directory at:artifacts]
[2025-12-02 17:21:33,215- INFO- common - created directory at:artifacts/model_trainer]
[2025-12-02 17:22:36,690- INFO- common - yaml file :config\config.yaml loaded successfully]
[2025-12-02 17:22:36,695- INFO- common - yaml file :params.yaml loaded successfully]
[2025-12-02 17:22:36,702- INFO- common - yaml file :schema.yaml loaded successfully]
[2025-12-02 17:22:36,705- INFO- common - created directory at:artifacts]
[2025-12-02 17:22:36,707- INFO- common - created directory at:artifacts/model_trainer]
[2025-12-02 17:23:34,409- INFO- common - yaml file :config\config.yaml loaded successfully]
[2025-12-02 17:23:34,415- INFO- common - yaml file :params.yaml loaded successfully]
[2025-12-02 17:23:34,420- INFO- common - yaml file :schema.yaml loaded successfully]
[2025-12-02 17:23:34,424- INFO- common - created directory at:artifacts]
[2025-12-02 17:23:34,426- INFO- common - created directory at:artifacts/model_trainer]
[2025-12-02 17:23:52,494- INFO- common - yaml file :config\config.yaml loaded successfully]
[2025-12-02 17:23:52,499- INFO- common - yaml file :params.yaml loaded successfully]
[2025-12-02 17:23:52,504- INFO- common - yaml file :schema.yaml loaded successfully]
[2025-12-02 17:23:52,507- INFO- common - created directory at:artifacts]
[2025-12-02 17:23:52,510- INFO- common - created directory at:artifacts/model_trainer]
[2025-12-02 17:26:33,994- INFO- common - yaml file :config\config.yaml loaded successfully]
[2025-12-02 17:26:33,998- INFO- common - yaml file :params.yaml loaded successfully]
[2025-12-02 17:26:34,003- INFO- common - yaml file :schema.yaml loaded successfully]
[2025-12-02 17:26:34,007- INFO- common - created directory at:artifacts]
[2025-12-02 17:26:34,009- INFO- common - created directory at:artifacts/model_trainer]
[2025-12-02 17:39:56,653- INFO- main - >>>>>> stage Data Ingestion Stage started <<<<<<]
[2025-12-02 17:39:56,675- INFO- common - yaml file :config\config.yaml loaded successfully]
[2025-12-02 17:39:56,697- INFO- common - yaml file :params.yaml loaded successfully]
[2025-12-02 17:39:56,721- INFO- common - yaml file :schema.yaml loaded successfully]
[2025-12-02 17:39:56,723- INFO- common - created directory at:artifacts]
[2025-12-02 17:39:56,723- INFO- common - created directory at:artifacts/data_ingestion]
[2025-12-02 17:39:56,723- INFO- data_ingestion - File already exists]
[2025-12-02 17:39:56,746- INFO- main - >>>>>> stage Data Ingestion Stage completed <<<<]
[2025-12-02 17:39:56,746- INFO- main - >>stage Data Validation stage started]
[2025-12-02 17:39:56,746- INFO- common - yaml file :config\config.yaml loaded successfully]
[2025-12-02 17:39:56,751- INFO- common - yaml file :params.yaml loaded successfully]
[2025-12-02 17:39:56,752- INFO- common - yaml file :schema.yaml loaded successfully]
[2025-12-02 17:39:56,753- INFO- common - created directory at:artifacts]
[2025-12-02 17:39:56,754- INFO- common - created directory at:artifacts/data_validation]
[2025-12-02 17:39:56,782- INFO- main - >>>>>> stage Data Validation stage completed <<<<<<

x==========x]
[2025-12-02 17:39:56,785- INFO- main - >>stage Data Transformation stage started]
[2025-12-02 17:39:56,807- INFO- common - yaml file :config\config.yaml loaded successfully]
[2025-12-02 17:39:56,810- INFO- common - yaml file :params.yaml loaded successfully]
[2025-12-02 17:39:56,813- INFO- common - yaml file :schema.yaml loaded successfully]
[2025-12-02 17:39:56,813- INFO- common - created directory at:artifacts]
[2025-12-02 17:39:56,813- INFO- common - created directory at:artifacts/data_transformation]
[2025-12-02 17:39:56,833- INFO- data_transformation - data transformation is done]
[2025-12-02 17:39:56,835- INFO- data_transformation - (1199, 12)]
[2025-12-02 17:39:56,835- INFO- data_transformation - (400, 12)]
[2025-12-02 17:39:56,836- INFO- main - >>>>>> stage Data Transformation stage completed <<<<<<

x==========x]
[2025-12-02 17:39:56,836- INFO- main - >>stage Model Training stage started]
[2025-12-02 17:39:56,843- INFO- common - yaml file :config\config.yaml loaded successfully]
[2025-12-02 17:39:56,847- INFO- common - yaml file :params.yaml loaded successfully]
[2025-12-02 17:39:56,850- INFO- common - yaml file :schema.yaml loaded successfully]
[2025-12-02 17:39:56,852- INFO- common - created directory at:artifacts]
[2025-12-02 17:39:56,854- ERROR- main - 'ConfigurationManager' object has no attribute 'param']
Traceback (most recent call last):
  File "C:\Users\karakkir\OneDrive - Tietoevry\Predicting-Wine-Quality-Using-ML\main.py", line 52, in <module>
    obj.initiate_model_training()
  File "C:\Users\karakkir\OneDrive - Tietoevry\Predicting-Wine-Quality-Using-ML\src\datascience\pipeline\model_train_pipeline.py", line 13, in initiate_model_training
    model_trainer_config=config.get_model_trainer_config()
  File "C:\Users\karakkir\OneDrive - Tietoevry\Predicting-Wine-Quality-Using-ML\src\datascience\config\configuration.py", line 61, in get_model_trainer_config
    param=self.param.ElasticNet # type: ignore
AttributeError: 'ConfigurationManager' object has no attribute 'param'
[2025-12-02 17:41:13,773- INFO- main - >>>>>> stage Data Ingestion Stage started <<<<<<]
[2025-12-02 17:41:13,773- INFO- common - yaml file :config\config.yaml loaded successfully]
[2025-12-02 17:41:13,773- INFO- common - yaml file :params.yaml loaded successfully]
[2025-12-02 17:41:13,781- INFO- common - yaml file :schema.yaml loaded successfully]
[2025-12-02 17:41:13,782- INFO- common - created directory at:artifacts]
[2025-12-02 17:41:13,782- INFO- common - created directory at:artifacts/data_ingestion]
[2025-12-02 17:41:13,783- INFO- data_ingestion - File already exists]
[2025-12-02 17:41:13,787- INFO- main - >>>>>> stage Data Ingestion Stage completed <<<<]
[2025-12-02 17:41:13,790- INFO- main - >>stage Data Validation stage started]
[2025-12-02 17:41:13,792- INFO- common - yaml file :config\config.yaml loaded successfully]
[2025-12-02 17:41:13,793- INFO- common - yaml file :params.yaml loaded successfully]
[2025-12-02 17:41:13,796- INFO- common - yaml file :schema.yaml loaded successfully]
[2025-12-02 17:41:13,797- INFO- common - created directory at:artifacts]
[2025-12-02 17:41:13,797- INFO- common - created directory at:artifacts/data_validation]
[2025-12-02 17:41:13,828- INFO- main - >>>>>> stage Data Validation stage completed <<<<<<

x==========x]
[2025-12-02 17:41:13,828- INFO- main - >>stage Data Transformation stage started]
[2025-12-02 17:41:13,828- INFO- common - yaml file :config\config.yaml loaded successfully]
[2025-12-02 17:41:13,828- INFO- common - yaml file :params.yaml loaded successfully]
[2025-12-02 17:41:13,834- INFO- common - yaml file :schema.yaml loaded successfully]
[2025-12-02 17:41:13,836- INFO- common - created directory at:artifacts]
[2025-12-02 17:41:13,836- INFO- common - created directory at:artifacts/data_transformation]
[2025-12-02 17:41:13,858- INFO- data_transformation - data transformation is done]
[2025-12-02 17:41:13,859- INFO- data_transformation - (1199, 12)]
[2025-12-02 17:41:13,859- INFO- data_transformation - (400, 12)]
[2025-12-02 17:41:13,859- INFO- main - >>>>>> stage Data Transformation stage completed <<<<<<

x==========x]
[2025-12-02 17:41:13,859- INFO- main - >>stage Model Training stage started]
[2025-12-02 17:41:13,861- INFO- common - yaml file :config\config.yaml loaded successfully]
[2025-12-02 17:41:13,863- INFO- common - yaml file :params.yaml loaded successfully]
[2025-12-02 17:41:13,866- INFO- common - yaml file :schema.yaml loaded successfully]
[2025-12-02 17:41:13,866- INFO- common - created directory at:artifacts]
[2025-12-02 17:41:13,866- INFO- common - created directory at:artifacts/model_trainer]
[2025-12-02 17:41:13,868- ERROR- main - local variable 'model_train' referenced before assignment]
Traceback (most recent call last):
  File "C:\Users\karakkir\OneDrive - Tietoevry\Predicting-Wine-Quality-Using-ML\main.py", line 52, in <module>
    obj.initiate_model_training()
  File "C:\Users\karakkir\OneDrive - Tietoevry\Predicting-Wine-Quality-Using-ML\src\datascience\pipeline\model_train_pipeline.py", line 14, in initiate_model_training
    model_train=model_train(model_trainer_config) # type: ignore
UnboundLocalError: local variable 'model_train' referenced before assignment
[2025-12-02 17:43:19,327- INFO- main - >>>>>> stage Data Ingestion Stage started <<<<<<]
[2025-12-02 17:43:19,331- INFO- common - yaml file :config\config.yaml loaded successfully]
[2025-12-02 17:43:19,333- INFO- common - yaml file :params.yaml loaded successfully]
[2025-12-02 17:43:19,337- INFO- common - yaml file :schema.yaml loaded successfully]
[2025-12-02 17:43:19,339- INFO- common - created directory at:artifacts]
[2025-12-02 17:43:19,340- INFO- common - created directory at:artifacts/data_ingestion]
[2025-12-02 17:43:19,340- INFO- data_ingestion - File already exists]
[2025-12-02 17:43:19,343- INFO- main - >>>>>> stage Data Ingestion Stage completed <<<<]
[2025-12-02 17:43:19,343- INFO- main - >>stage Data Validation stage started]
[2025-12-02 17:43:19,349- INFO- common - yaml file :config\config.yaml loaded successfully]
[2025-12-02 17:43:19,350- INFO- common - yaml file :params.yaml loaded successfully]
[2025-12-02 17:43:19,353- INFO- common - yaml file :schema.yaml loaded successfully]
[2025-12-02 17:43:19,354- INFO- common - created directory at:artifacts]
[2025-12-02 17:43:19,354- INFO- common - created directory at:artifacts/data_validation]
[2025-12-02 17:43:19,388- INFO- main - >>>>>> stage Data Validation stage completed <<<<<<

x==========x]
[2025-12-02 17:43:19,389- INFO- main - >>stage Data Transformation stage started]
[2025-12-02 17:43:19,393- INFO- common - yaml file :config\config.yaml loaded successfully]
[2025-12-02 17:43:19,395- INFO- common - yaml file :params.yaml loaded successfully]
[2025-12-02 17:43:19,439- INFO- common - yaml file :schema.yaml loaded successfully]
[2025-12-02 17:43:19,440- INFO- common - created directory at:artifacts]
[2025-12-02 17:43:19,441- INFO- common - created directory at:artifacts/data_transformation]
[2025-12-02 17:43:19,468- INFO- data_transformation - data transformation is done]
[2025-12-02 17:43:19,468- INFO- data_transformation - (1199, 12)]
[2025-12-02 17:43:19,469- INFO- data_transformation - (400, 12)]
[2025-12-02 17:43:19,469- INFO- main - >>>>>> stage Data Transformation stage completed <<<<<<

x==========x]
[2025-12-02 17:43:19,470- INFO- main - >>stage Model Training stage started]
[2025-12-02 17:43:19,473- INFO- common - yaml file :config\config.yaml loaded successfully]
[2025-12-02 17:43:19,473- INFO- common - yaml file :params.yaml loaded successfully]
[2025-12-02 17:43:19,476- INFO- common - yaml file :schema.yaml loaded successfully]
[2025-12-02 17:43:19,476- INFO- common - created directory at:artifacts]
[2025-12-02 17:43:19,477- INFO- common - created directory at:artifacts/model_trainer]
[2025-12-02 17:43:19,527- INFO- main - >>>>>> stage Model Training stage completed <<<<<<

x==========x]
[2025-12-03 19:43:19,693- INFO- common - yaml file :config\config.yaml loaded successfully]
[2025-12-03 19:43:19,693- INFO- common - created directory at:artifacts]
[2025-12-03 19:43:19,693- INFO- common - created directory at:artifacts/model_evaluation]
[2025-12-03 19:43:52,090- INFO- common - yaml file :config\config.yaml loaded successfully]
[2025-12-03 19:43:52,093- INFO- common - created directory at:artifacts]
[2025-12-03 19:43:52,096- INFO- common - created directory at:artifacts/model_evaluation]
[2025-12-03 19:45:01,655- INFO- common - yaml file :config\config.yaml loaded successfully]
[2025-12-03 19:45:01,659- INFO- common - created directory at:artifacts]
[2025-12-03 19:45:01,663- INFO- common - created directory at:artifacts/model_evaluation]
[2025-12-03 19:48:18,078- INFO- common - yaml file :config\config.yaml loaded successfully]
[2025-12-03 19:48:18,083- INFO- common - created directory at:artifacts]
[2025-12-03 19:48:18,085- INFO- common - created directory at:artifacts/model_evaluation]
[2025-12-03 19:50:44,090- INFO- common - yaml file :config\config.yaml loaded successfully]
[2025-12-03 19:50:44,092- INFO- common - created directory at:artifacts]
[2025-12-03 19:50:44,093- INFO- common - created directory at:artifacts/model_evaluation]
[2025-12-03 19:51:22,091- INFO- common - yaml file :config\config.yaml loaded successfully]
[2025-12-03 19:51:22,091- INFO- common - created directory at:artifacts]
[2025-12-03 19:51:22,101- INFO- common - created directory at:artifacts/model_evaluation]
[2025-12-03 19:51:22,114- INFO- common - json file saved at:artifacts\model_evaluation\metric.json]
[2025-12-03 19:58:52,233- INFO- common - yaml file :config\config.yaml loaded successfully]
[2025-12-03 19:58:52,258- INFO- common - yaml file :params.yaml loaded successfully]
[2025-12-03 19:58:52,274- INFO- common - yaml file :schema.yaml loaded successfully]
[2025-12-03 19:58:52,276- INFO- common - created directory at:artifacts]
[2025-12-03 19:58:52,279- INFO- common - created directory at:artifacts/model_evaluation]
[2025-12-03 19:58:53,754- INFO- common - json file saved at:artifacts\model_evaluation\metric.json]
[2025-12-03 20:01:24,976- INFO- common - yaml file :config\config.yaml loaded successfully]
[2025-12-03 20:01:24,976- INFO- common - yaml file :params.yaml loaded successfully]
[2025-12-03 20:01:24,986- INFO- common - yaml file :schema.yaml loaded successfully]
[2025-12-03 20:01:24,990- INFO- common - created directory at:artifacts]
[2025-12-03 20:01:24,990- INFO- common - created directory at:artifacts/model_evaluation]
[2025-12-03 20:01:25,854- INFO- common - json file saved at:artifacts\model_evaluation\metric.json]
[2025-12-03 20:05:03,057- INFO- common - yaml file :config\config.yaml loaded successfully]
[2025-12-03 20:05:03,061- INFO- common - yaml file :params.yaml loaded successfully]
[2025-12-03 20:05:03,065- INFO- common - yaml file :schema.yaml loaded successfully]
[2025-12-03 20:05:03,070- INFO- common - created directory at:artifacts]
[2025-12-03 20:05:03,072- INFO- common - created directory at:artifacts/model_evaluation]
[2025-12-03 20:05:04,019- INFO- common - json file saved at:artifacts\model_evaluation\metric.json]
[2025-12-03 20:16:36,056- INFO- main - >>>>>> stage Data Ingestion Stage started <<<<<<]
[2025-12-03 20:16:36,056- INFO- common - yaml file :config\config.yaml loaded successfully]
[2025-12-03 20:16:36,056- INFO- common - yaml file :params.yaml loaded successfully]
[2025-12-03 20:16:36,056- INFO- common - yaml file :schema.yaml loaded successfully]
[2025-12-03 20:16:36,056- INFO- common - created directory at:artifacts]
[2025-12-03 20:16:36,056- INFO- common - created directory at:artifacts/data_ingestion]
[2025-12-03 20:16:36,056- INFO- data_ingestion - File already exists]
[2025-12-03 20:16:36,089- INFO- main - >>>>>> stage Data Ingestion Stage completed <<<<]
[2025-12-03 20:16:36,089- INFO- main - >>stage Data Validation stage started]
[2025-12-03 20:16:36,091- INFO- common - yaml file :config\config.yaml loaded successfully]
[2025-12-03 20:16:36,091- INFO- common - yaml file :params.yaml loaded successfully]
[2025-12-03 20:16:36,091- INFO- common - yaml file :schema.yaml loaded successfully]
[2025-12-03 20:16:36,091- INFO- common - created directory at:artifacts]
[2025-12-03 20:16:36,091- INFO- common - created directory at:artifacts/data_validation]
[2025-12-03 20:16:36,126- INFO- main - >>>>>> stage Data Validation stage completed <<<<<<

x==========x]
[2025-12-03 20:16:36,126- INFO- main - >>stage Data Transformation stage started]
[2025-12-03 20:16:36,152- INFO- common - yaml file :config\config.yaml loaded successfully]
[2025-12-03 20:16:36,153- INFO- common - yaml file :params.yaml loaded successfully]
[2025-12-03 20:16:36,155- INFO- common - yaml file :schema.yaml loaded successfully]
[2025-12-03 20:16:36,156- INFO- common - created directory at:artifacts]
[2025-12-03 20:16:36,156- INFO- common - created directory at:artifacts/data_transformation]
[2025-12-03 20:16:36,185- INFO- data_transformation - data transformation is done]
[2025-12-03 20:16:36,185- INFO- data_transformation - (1199, 12)]
[2025-12-03 20:16:36,186- INFO- data_transformation - (400, 12)]
[2025-12-03 20:16:36,187- INFO- main - >>>>>> stage Data Transformation stage completed <<<<<<

x==========x]
[2025-12-03 20:16:36,187- INFO- main - >>stage Model Training stage started]
[2025-12-03 20:16:36,191- INFO- common - yaml file :config\config.yaml loaded successfully]
[2025-12-03 20:16:36,191- INFO- common - yaml file :params.yaml loaded successfully]
[2025-12-03 20:16:36,198- INFO- common - yaml file :schema.yaml loaded successfully]
[2025-12-03 20:16:36,199- INFO- common - created directory at:artifacts]
[2025-12-03 20:16:36,199- INFO- common - created directory at:artifacts/model_trainer]
[2025-12-03 20:16:36,251- INFO- main - >>>>>> stage Model Training stage completed <<<<<<

x==========x]
[2025-12-03 20:16:36,251- INFO- main - >>stage MODEL_EVAL_STAGE started]
[2025-12-03 20:16:36,265- INFO- common - yaml file :config\config.yaml loaded successfully]
[2025-12-03 20:16:36,267- INFO- common - yaml file :params.yaml loaded successfully]
[2025-12-03 20:16:36,271- INFO- common - yaml file :schema.yaml loaded successfully]
[2025-12-03 20:16:36,271- INFO- common - created directory at:artifacts]
[2025-12-03 20:16:36,271- INFO- common - created directory at:artifacts/model_evaluation]
[2025-12-03 20:16:38,576- INFO- common - json file saved at:artifacts\model_evaluation\metric.json]
[2025-12-03 20:16:41,428- INFO- main - >>>>>> stage MODEL_EVAL_STAGE completed <<<<<<

x==========x]
[2025-12-03 20:26:53,139- INFO- _internal - [31m[1mWARNING: This is a development server. Do not use it in a production deployment. Use a production WSGI server instead.[0m
 * Running on all addresses (0.0.0.0)
 * Running on http://127.0.0.1:8080
 * Running on http://192.168.0.116:8080]
[2025-12-03 20:26:53,139- INFO- _internal - [33mPress CTRL+C to quit[0m]
[2025-12-03 20:27:05,705- INFO- _internal - 127.0.0.1 - - [03/Dec/2025 20:27:05] "GET / HTTP/1.1" 200 -]
[2025-12-03 20:27:05,744- INFO- _internal - 127.0.0.1 - - [03/Dec/2025 20:27:05] "[33mGET /static/assets/img/form-v9.jpg HTTP/1.1[0m" 404 -]
[2025-12-03 20:27:05,820- INFO- _internal - 127.0.0.1 - - [03/Dec/2025 20:27:05] "[33mGET /favicon.ico HTTP/1.1[0m" 404 -]
[2025-12-03 20:29:03,116- INFO- _internal - 127.0.0.1 - - [03/Dec/2025 20:29:03] "POST /predict HTTP/1.1" 200 -]
[2025-12-03 20:29:09,448- INFO- _internal - 127.0.0.1 - - [03/Dec/2025 20:29:09] "POST /predict HTTP/1.1" 200 -]
[2025-12-03 20:29:45,093- INFO- _internal - 127.0.0.1 - - [03/Dec/2025 20:29:45] "POST /predict HTTP/1.1" 200 -]
[2025-12-03 20:29:48,083- INFO- _internal - 127.0.0.1 - - [03/Dec/2025 20:29:48] "POST /predict HTTP/1.1" 200 -]
[2025-12-03 20:31:27,069- INFO- _internal - 127.0.0.1 - - [03/Dec/2025 20:31:27] "POST /predict HTTP/1.1" 200 -]
[2025-12-03 20:31:29,655- INFO- _internal - 127.0.0.1 - - [03/Dec/2025 20:31:29] "POST /predict HTTP/1.1" 200 -]
[2025-12-03 20:31:32,121- INFO- _internal - 127.0.0.1 - - [03/Dec/2025 20:31:32] "POST /predict HTTP/1.1" 200 -]
[2025-12-03 20:31:41,928- INFO- _internal - [31m[1mWARNING: This is a development server. Do not use it in a production deployment. Use a production WSGI server instead.[0m
 * Running on all addresses (0.0.0.0)
 * Running on http://127.0.0.1:8080
 * Running on http://192.168.0.116:8080]
[2025-12-03 20:31:41,929- INFO- _internal - [33mPress CTRL+C to quit[0m]
[2025-12-03 20:31:49,913- INFO- _internal - 127.0.0.1 - - [03/Dec/2025 20:31:49] "GET / HTTP/1.1" 200 -]
[2025-12-03 20:31:49,932- INFO- _internal - 127.0.0.1 - - [03/Dec/2025 20:31:49] "[33mGET /static/assets/img/form-v9.jpg HTTP/1.1[0m" 404 -]
[2025-12-03 20:32:07,385- INFO- _internal - 127.0.0.1 - - [03/Dec/2025 20:32:07] "POST /predict HTTP/1.1" 200 -]
[2025-12-03 20:33:57,014- INFO- _internal - 127.0.0.1 - - [03/Dec/2025 20:33:57] "POST /predict HTTP/1.1" 200 -]
[2025-12-03 21:28:01,680- INFO- _internal - 127.0.0.1 - - [03/Dec/2025 21:28:01] "POST /predict HTTP/1.1" 200 -]
[2025-12-03 21:28:05,409- INFO- _internal - 127.0.0.1 - - [03/Dec/2025 21:28:05] "POST /predict HTTP/1.1" 200 -]
[2025-12-03 21:28:10,382- INFO- _internal - 127.0.0.1 - - [03/Dec/2025 21:28:10] "POST /predict HTTP/1.1" 200 -]
[2025-12-03 21:30:56,632- INFO- main - >>>>>> stage Data Ingestion Stage started <<<<<<]
[2025-12-03 21:30:56,666- INFO- common - yaml file :config\config.yaml loaded successfully]
[2025-12-03 21:30:56,691- INFO- common - yaml file :params.yaml loaded successfully]
[2025-12-03 21:30:56,724- INFO- common - yaml file :schema.yaml loaded successfully]
[2025-12-03 21:30:56,726- INFO- common - created directory at:artifacts]
[2025-12-03 21:30:56,726- INFO- common - created directory at:artifacts/data_ingestion]
[2025-12-03 21:30:56,726- INFO- data_ingestion - File already exists]
[2025-12-03 21:30:56,762- INFO- main - >>>>>> stage Data Ingestion Stage completed <<<<]
[2025-12-03 21:30:56,762- INFO- main - >>stage Data Validation stage started]
[2025-12-03 21:30:56,770- INFO- common - yaml file :config\config.yaml loaded successfully]
[2025-12-03 21:30:56,772- INFO- common - yaml file :params.yaml loaded successfully]
[2025-12-03 21:30:56,774- INFO- common - yaml file :schema.yaml loaded successfully]
[2025-12-03 21:30:56,776- INFO- common - created directory at:artifacts]
[2025-12-03 21:30:56,776- INFO- common - created directory at:artifacts/data_validation]
[2025-12-03 21:30:56,814- INFO- main - >>>>>> stage Data Validation stage completed <<<<<<

x==========x]
[2025-12-03 21:30:56,814- INFO- main - >>stage Data Transformation stage started]
[2025-12-03 21:30:56,849- INFO- common - yaml file :config\config.yaml loaded successfully]
[2025-12-03 21:30:56,849- INFO- common - yaml file :params.yaml loaded successfully]
[2025-12-03 21:30:56,851- INFO- common - yaml file :schema.yaml loaded successfully]
[2025-12-03 21:30:56,853- INFO- common - created directory at:artifacts]
[2025-12-03 21:30:56,853- INFO- common - created directory at:artifacts/data_transformation]
[2025-12-03 21:30:56,936- INFO- data_transformation - data transformation is done]
[2025-12-03 21:30:56,936- INFO- data_transformation - (1199, 12)]
[2025-12-03 21:30:56,936- INFO- data_transformation - (400, 12)]
[2025-12-03 21:30:56,936- INFO- main - >>>>>> stage Data Transformation stage completed <<<<<<

x==========x]
[2025-12-03 21:30:56,936- INFO- main - >>stage Model Training stage started]
[2025-12-03 21:30:56,941- INFO- common - yaml file :config\config.yaml loaded successfully]
[2025-12-03 21:30:56,941- INFO- common - yaml file :params.yaml loaded successfully]
[2025-12-03 21:30:56,941- INFO- common - yaml file :schema.yaml loaded successfully]
[2025-12-03 21:30:56,941- INFO- common - created directory at:artifacts]
[2025-12-03 21:30:56,941- INFO- common - created directory at:artifacts/model_trainer]
[2025-12-03 21:30:57,016- INFO- main - >>>>>> stage Model Training stage completed <<<<<<

x==========x]
[2025-12-03 21:30:57,016- INFO- main - >>stage MODEL_EVAL_STAGE started]
[2025-12-03 21:30:57,016- INFO- common - yaml file :config\config.yaml loaded successfully]
[2025-12-03 21:30:57,016- INFO- common - yaml file :params.yaml loaded successfully]
[2025-12-03 21:30:57,016- INFO- common - yaml file :schema.yaml loaded successfully]
[2025-12-03 21:30:57,016- INFO- common - created directory at:artifacts]
[2025-12-03 21:30:57,016- INFO- common - created directory at:artifacts/model_evaluation]
[2025-12-03 21:31:00,308- ERROR- main - The feature names should match those that were passed during fit.
Feature names unseen at fit time:
- Unnamed: 0
]
Traceback (most recent call last):
  File "C:\Users\karakkir\OneDrive - Tietoevry\Predicting-Wine-Quality-Using-ML\main.py", line 65, in <module>
    obj.initiate_model_eval()
  File "C:\Users\karakkir\OneDrive - Tietoevry\Predicting-Wine-Quality-Using-ML\src\datascience\pipeline\model_evaluation_pipeline.py", line 15, in initiate_model_eval
    model_evaluation.log_into_mlflow()
  File "C:\Users\karakkir\OneDrive - Tietoevry\Predicting-Wine-Quality-Using-ML\src\datascience\components\model_evaluation.py", line 39, in log_into_mlflow
    predicted_qualities = model.predict(test_x)
  File "C:\Users\karakkir\OneDrive - Tietoevry\Predicting-Wine-Quality-Using-ML\venv\lib\site-packages\sklearn\linear_model\_base.py", line 298, in predict
    return self._decision_function(X)
  File "C:\Users\karakkir\OneDrive - Tietoevry\Predicting-Wine-Quality-Using-ML\venv\lib\site-packages\sklearn\linear_model\_coordinate_descent.py", line 1154, in _decision_function
    return super()._decision_function(X)
  File "C:\Users\karakkir\OneDrive - Tietoevry\Predicting-Wine-Quality-Using-ML\venv\lib\site-packages\sklearn\linear_model\_base.py", line 277, in _decision_function
    X = validate_data(self, X, accept_sparse=["csr", "csc", "coo"], reset=False)
  File "C:\Users\karakkir\OneDrive - Tietoevry\Predicting-Wine-Quality-Using-ML\venv\lib\site-packages\sklearn\utils\validation.py", line 2929, in validate_data
    _check_feature_names(_estimator, X, reset=reset)
  File "C:\Users\karakkir\OneDrive - Tietoevry\Predicting-Wine-Quality-Using-ML\venv\lib\site-packages\sklearn\utils\validation.py", line 2787, in _check_feature_names
    raise ValueError(message)
ValueError: The feature names should match those that were passed during fit.
Feature names unseen at fit time:
- Unnamed: 0

[2025-12-03 21:33:54,612- INFO- main - >>>>>> stage Data Ingestion Stage started <<<<<<]
[2025-12-03 21:33:54,643- INFO- common - yaml file :config\config.yaml loaded successfully]
[2025-12-03 21:33:54,665- INFO- common - yaml file :params.yaml loaded successfully]
[2025-12-03 21:33:54,696- INFO- common - yaml file :schema.yaml loaded successfully]
[2025-12-03 21:33:54,696- INFO- common - created directory at:artifacts]
[2025-12-03 21:33:54,696- INFO- common - created directory at:artifacts/data_ingestion]
[2025-12-03 21:33:54,696- INFO- data_ingestion - File already exists]
[2025-12-03 21:33:54,733- INFO- main - >>>>>> stage Data Ingestion Stage completed <<<<]
[2025-12-03 21:33:54,733- INFO- main - >>stage Data Validation stage started]
[2025-12-03 21:33:54,744- INFO- common - yaml file :config\config.yaml loaded successfully]
[2025-12-03 21:33:54,749- INFO- common - yaml file :params.yaml loaded successfully]
[2025-12-03 21:33:54,752- INFO- common - yaml file :schema.yaml loaded successfully]
[2025-12-03 21:33:54,752- INFO- common - created directory at:artifacts]
[2025-12-03 21:33:54,752- INFO- common - created directory at:artifacts/data_validation]
[2025-12-03 21:33:54,794- INFO- main - >>>>>> stage Data Validation stage completed <<<<<<

x==========x]
[2025-12-03 21:33:54,794- INFO- main - >>stage Data Transformation stage started]
[2025-12-03 21:33:54,821- INFO- common - yaml file :config\config.yaml loaded successfully]
[2025-12-03 21:33:54,821- INFO- common - yaml file :params.yaml loaded successfully]
[2025-12-03 21:33:54,826- INFO- common - yaml file :schema.yaml loaded successfully]
[2025-12-03 21:33:54,827- INFO- common - created directory at:artifacts]
[2025-12-03 21:33:54,827- INFO- common - created directory at:artifacts/data_transformation]
[2025-12-03 21:33:54,853- INFO- data_transformation - data transformation is done]
[2025-12-03 21:33:54,853- INFO- data_transformation - (1199, 12)]
[2025-12-03 21:33:54,853- INFO- data_transformation - (400, 12)]
[2025-12-03 21:33:54,853- INFO- main - >>>>>> stage Data Transformation stage completed <<<<<<

x==========x]
[2025-12-03 21:33:54,858- INFO- main - >>stage Model Training stage started]
[2025-12-03 21:33:54,862- INFO- common - yaml file :config\config.yaml loaded successfully]
[2025-12-03 21:33:54,865- INFO- common - yaml file :params.yaml loaded successfully]
[2025-12-03 21:33:54,869- INFO- common - yaml file :schema.yaml loaded successfully]
[2025-12-03 21:33:54,869- INFO- common - created directory at:artifacts]
[2025-12-03 21:33:54,869- INFO- common - created directory at:artifacts/model_trainer]
[2025-12-03 21:33:54,949- INFO- main - >>>>>> stage Model Training stage completed <<<<<<

x==========x]
[2025-12-03 21:33:54,949- INFO- main - >>stage MODEL_EVAL_STAGE started]
[2025-12-03 21:33:54,955- INFO- common - yaml file :config\config.yaml loaded successfully]
[2025-12-03 21:33:54,955- INFO- common - yaml file :params.yaml loaded successfully]
[2025-12-03 21:33:54,958- INFO- common - yaml file :schema.yaml loaded successfully]
[2025-12-03 21:33:54,958- INFO- common - created directory at:artifacts]
[2025-12-03 21:33:54,958- INFO- common - created directory at:artifacts/model_evaluation]
[2025-12-03 21:33:57,149- INFO- common - json file saved at:artifacts\model_evaluation\metric.json]
[2025-12-03 21:33:59,895- INFO- main - >>>>>> stage MODEL_EVAL_STAGE completed <<<<<<

x==========x]
[2025-12-03 21:34:10,010- INFO- _internal - [31m[1mWARNING: This is a development server. Do not use it in a production deployment. Use a production WSGI server instead.[0m
 * Running on all addresses (0.0.0.0)
 * Running on http://127.0.0.1:8080
 * Running on http://192.168.0.116:8080]
[2025-12-03 21:34:10,012- INFO- _internal - [33mPress CTRL+C to quit[0m]
[2025-12-03 21:34:14,174- INFO- _internal - 127.0.0.1 - - [03/Dec/2025 21:34:14] "GET / HTTP/1.1" 200 -]
[2025-12-03 21:34:14,208- INFO- _internal - 127.0.0.1 - - [03/Dec/2025 21:34:14] "[33mGET /static/assets/img/form-v9.jpg HTTP/1.1[0m" 404 -]
[2025-12-03 21:34:32,357- INFO- _internal - 127.0.0.1 - - [03/Dec/2025 21:34:32] "POST /predict HTTP/1.1" 200 -]
[2025-12-03 21:37:42,462- INFO- _internal - 127.0.0.1 - - [03/Dec/2025 21:37:42] "POST /predict HTTP/1.1" 200 -]
[2025-12-03 21:38:32,499- INFO- main - >>>>>> stage Data Ingestion Stage started <<<<<<]
[2025-12-03 21:38:32,502- INFO- common - yaml file :config\config.yaml loaded successfully]
[2025-12-03 21:38:32,504- INFO- common - yaml file :params.yaml loaded successfully]
[2025-12-03 21:38:32,507- INFO- common - yaml file :schema.yaml loaded successfully]
[2025-12-03 21:38:32,507- INFO- common - created directory at:artifacts]
[2025-12-03 21:38:32,510- INFO- common - created directory at:artifacts/data_ingestion]
[2025-12-03 21:38:32,511- INFO- data_ingestion - File already exists]
[2025-12-03 21:38:32,513- INFO- main - >>>>>> stage Data Ingestion Stage completed <<<<]
[2025-12-03 21:38:32,515- INFO- main - >>stage Data Validation stage started]
[2025-12-03 21:38:32,518- INFO- common - yaml file :config\config.yaml loaded successfully]
[2025-12-03 21:38:32,518- INFO- common - yaml file :params.yaml loaded successfully]
[2025-12-03 21:38:32,521- INFO- common - yaml file :schema.yaml loaded successfully]
[2025-12-03 21:38:32,521- INFO- common - created directory at:artifacts]
[2025-12-03 21:38:32,521- INFO- common - created directory at:artifacts/data_validation]
[2025-12-03 21:38:32,562- INFO- main - >>>>>> stage Data Validation stage completed <<<<<<

x==========x]
[2025-12-03 21:38:32,562- INFO- main - >>stage Data Transformation stage started]
[2025-12-03 21:38:32,594- INFO- common - yaml file :config\config.yaml loaded successfully]
[2025-12-03 21:38:32,596- INFO- common - yaml file :params.yaml loaded successfully]
[2025-12-03 21:38:32,596- INFO- common - yaml file :schema.yaml loaded successfully]
[2025-12-03 21:38:32,598- INFO- common - created directory at:artifacts]
[2025-12-03 21:38:32,598- INFO- common - created directory at:artifacts/data_transformation]
[2025-12-03 21:38:32,616- INFO- data_transformation - data transformation is done]
[2025-12-03 21:38:32,618- INFO- data_transformation - (1199, 12)]
[2025-12-03 21:38:32,618- INFO- data_transformation - (400, 12)]
[2025-12-03 21:38:32,619- INFO- main - >>>>>> stage Data Transformation stage completed <<<<<<

x==========x]
[2025-12-03 21:38:32,619- INFO- main - >>stage Model Training stage started]
[2025-12-03 21:38:32,623- INFO- common - yaml file :config\config.yaml loaded successfully]
[2025-12-03 21:38:32,623- INFO- common - yaml file :params.yaml loaded successfully]
[2025-12-03 21:38:32,627- INFO- common - yaml file :schema.yaml loaded successfully]
[2025-12-03 21:38:32,627- INFO- common - created directory at:artifacts]
[2025-12-03 21:38:32,627- INFO- common - created directory at:artifacts/model_trainer]
[2025-12-03 21:38:32,701- INFO- main - >>>>>> stage Model Training stage completed <<<<<<

x==========x]
[2025-12-03 21:38:32,701- INFO- main - >>stage MODEL_EVAL_STAGE started]
[2025-12-03 21:38:32,705- INFO- common - yaml file :config\config.yaml loaded successfully]
[2025-12-03 21:38:32,708- INFO- common - yaml file :params.yaml loaded successfully]
[2025-12-03 21:38:32,712- INFO- common - yaml file :schema.yaml loaded successfully]
[2025-12-03 21:38:32,712- INFO- common - created directory at:artifacts]
[2025-12-03 21:38:32,713- INFO- common - created directory at:artifacts/model_evaluation]
[2025-12-03 21:38:34,808- INFO- common - json file saved at:artifacts\model_evaluation\metric.json]
[2025-12-03 21:38:37,590- INFO- main - >>>>>> stage MODEL_EVAL_STAGE completed <<<<<<

x==========x]
[2025-12-03 21:38:57,443- INFO- _internal - [31m[1mWARNING: This is a development server. Do not use it in a production deployment. Use a production WSGI server instead.[0m
 * Running on all addresses (0.0.0.0)
 * Running on http://127.0.0.1:8080
 * Running on http://192.168.0.116:8080]
[2025-12-03 21:38:57,443- INFO- _internal - [33mPress CTRL+C to quit[0m]
[2025-12-03 21:39:05,584- INFO- _internal - 127.0.0.1 - - [03/Dec/2025 21:39:05] "GET / HTTP/1.1" 200 -]
[2025-12-03 21:39:05,618- INFO- _internal - 127.0.0.1 - - [03/Dec/2025 21:39:05] "[33mGET /static/assets/img/form-v9.jpg HTTP/1.1[0m" 404 -]
[2025-12-03 21:39:24,717- INFO- _internal - 127.0.0.1 - - [03/Dec/2025 21:39:24] "POST /predict HTTP/1.1" 200 -]
[2025-12-03 21:41:22,969- INFO- main - >>>>>> stage Data Ingestion Stage started <<<<<<]
[2025-12-03 21:41:22,969- INFO- common - yaml file :config\config.yaml loaded successfully]
[2025-12-03 21:41:22,969- INFO- common - yaml file :params.yaml loaded successfully]
[2025-12-03 21:41:22,969- INFO- common - yaml file :schema.yaml loaded successfully]
[2025-12-03 21:41:22,969- INFO- common - created directory at:artifacts]
[2025-12-03 21:41:22,969- INFO- common - created directory at:artifacts/data_ingestion]
[2025-12-03 21:41:22,969- INFO- data_ingestion - File already exists]
[2025-12-03 21:41:22,980- INFO- main - >>>>>> stage Data Ingestion Stage completed <<<<]
[2025-12-03 21:41:22,980- INFO- main - >>stage Data Validation stage started]
[2025-12-03 21:41:22,986- INFO- common - yaml file :config\config.yaml loaded successfully]
[2025-12-03 21:41:22,987- INFO- common - yaml file :params.yaml loaded successfully]
[2025-12-03 21:41:22,991- INFO- common - yaml file :schema.yaml loaded successfully]
[2025-12-03 21:41:22,992- INFO- common - created directory at:artifacts]
[2025-12-03 21:41:22,992- INFO- common - created directory at:artifacts/data_validation]
[2025-12-03 21:41:23,037- INFO- main - >>>>>> stage Data Validation stage completed <<<<<<

x==========x]
[2025-12-03 21:41:23,037- INFO- main - >>stage Data Transformation stage started]
[2025-12-03 21:41:23,044- INFO- common - yaml file :config\config.yaml loaded successfully]
[2025-12-03 21:41:23,046- INFO- common - yaml file :params.yaml loaded successfully]
[2025-12-03 21:41:23,048- INFO- common - yaml file :schema.yaml loaded successfully]
[2025-12-03 21:41:23,048- INFO- common - created directory at:artifacts]
[2025-12-03 21:41:23,048- INFO- common - created directory at:artifacts/data_transformation]
[2025-12-03 21:41:23,068- INFO- data_transformation - data transformation is done]
[2025-12-03 21:41:23,068- INFO- data_transformation - (1199, 12)]
[2025-12-03 21:41:23,068- INFO- data_transformation - (400, 12)]
[2025-12-03 21:41:23,073- INFO- main - >>>>>> stage Data Transformation stage completed <<<<<<

x==========x]
[2025-12-03 21:41:23,073- INFO- main - >>stage Model Training stage started]
[2025-12-03 21:41:23,073- INFO- common - yaml file :config\config.yaml loaded successfully]
[2025-12-03 21:41:23,081- INFO- common - yaml file :params.yaml loaded successfully]
[2025-12-03 21:41:23,081- INFO- common - yaml file :schema.yaml loaded successfully]
[2025-12-03 21:41:23,084- INFO- common - created directory at:artifacts]
[2025-12-03 21:41:23,084- INFO- common - created directory at:artifacts/model_trainer]
[2025-12-03 21:41:23,163- INFO- main - >>>>>> stage Model Training stage completed <<<<<<

x==========x]
[2025-12-03 21:41:23,163- INFO- main - >>stage MODEL_EVAL_STAGE started]
[2025-12-03 21:41:23,163- INFO- common - yaml file :config\config.yaml loaded successfully]
[2025-12-03 21:41:23,163- INFO- common - yaml file :params.yaml loaded successfully]
[2025-12-03 21:41:23,171- INFO- common - yaml file :schema.yaml loaded successfully]
[2025-12-03 21:41:23,175- INFO- common - created directory at:artifacts]
[2025-12-03 21:41:23,176- INFO- common - created directory at:artifacts/model_evaluation]
[2025-12-03 21:41:25,240- INFO- common - json file saved at:artifacts\model_evaluation\metric.json]
[2025-12-03 21:41:28,177- INFO- main - >>>>>> stage MODEL_EVAL_STAGE completed <<<<<<

x==========x]
[2025-12-03 21:41:32,480- INFO- _internal - [31m[1mWARNING: This is a development server. Do not use it in a production deployment. Use a production WSGI server instead.[0m
 * Running on all addresses (0.0.0.0)
 * Running on http://127.0.0.1:8080
 * Running on http://192.168.0.116:8080]
[2025-12-03 21:41:32,480- INFO- _internal - [33mPress CTRL+C to quit[0m]
[2025-12-03 21:41:36,665- INFO- _internal - 127.0.0.1 - - [03/Dec/2025 21:41:36] "GET / HTTP/1.1" 200 -]
[2025-12-03 21:41:36,696- INFO- _internal - 127.0.0.1 - - [03/Dec/2025 21:41:36] "[33mGET /static/assets/img/form-v9.jpg HTTP/1.1[0m" 404 -]
[2025-12-03 21:41:54,242- INFO- _internal - 127.0.0.1 - - [03/Dec/2025 21:41:54] "POST /predict HTTP/1.1" 200 -]
[2025-12-03 21:42:38,613- INFO- _internal - 127.0.0.1 - - [03/Dec/2025 21:42:38] "POST /predict HTTP/1.1" 200 -]
[2025-12-03 21:42:42,029- INFO- _internal - 127.0.0.1 - - [03/Dec/2025 21:42:42] "POST /predict HTTP/1.1" 200 -]
[2025-12-03 21:43:11,415- INFO- _internal - 127.0.0.1 - - [03/Dec/2025 21:43:11] "POST /predict HTTP/1.1" 200 -]
[2025-12-03 21:45:06,966- INFO- main - >>>>>> stage Data Ingestion Stage started <<<<<<]
[2025-12-03 21:45:06,969- INFO- common - yaml file :config\config.yaml loaded successfully]
[2025-12-03 21:45:06,969- INFO- common - yaml file :params.yaml loaded successfully]
[2025-12-03 21:45:06,974- INFO- common - yaml file :schema.yaml loaded successfully]
[2025-12-03 21:45:06,974- INFO- common - created directory at:artifacts]
[2025-12-03 21:45:06,977- INFO- common - created directory at:artifacts/data_ingestion]
[2025-12-03 21:45:06,977- INFO- data_ingestion - File already exists]
[2025-12-03 21:45:06,981- INFO- main - >>>>>> stage Data Ingestion Stage completed <<<<]
[2025-12-03 21:45:06,982- INFO- main - >>stage Data Validation stage started]
[2025-12-03 21:45:06,987- INFO- common - yaml file :config\config.yaml loaded successfully]
[2025-12-03 21:45:06,988- INFO- common - yaml file :params.yaml loaded successfully]
[2025-12-03 21:45:06,994- INFO- common - yaml file :schema.yaml loaded successfully]
[2025-12-03 21:45:06,996- INFO- common - created directory at:artifacts]
[2025-12-03 21:45:06,996- INFO- common - created directory at:artifacts/data_validation]
[2025-12-03 21:45:07,039- INFO- main - >>>>>> stage Data Validation stage completed <<<<<<

x==========x]
[2025-12-03 21:45:07,040- INFO- main - >>stage Data Transformation stage started]
[2025-12-03 21:45:07,047- INFO- common - yaml file :config\config.yaml loaded successfully]
[2025-12-03 21:45:07,049- INFO- common - yaml file :params.yaml loaded successfully]
[2025-12-03 21:45:07,052- INFO- common - yaml file :schema.yaml loaded successfully]
[2025-12-03 21:45:07,054- INFO- common - created directory at:artifacts]
[2025-12-03 21:45:07,054- INFO- common - created directory at:artifacts/data_transformation]
[2025-12-03 21:45:07,084- INFO- data_transformation - data transformation is done]
[2025-12-03 21:45:07,084- INFO- data_transformation - (1199, 12)]
[2025-12-03 21:45:07,084- INFO- data_transformation - (400, 12)]
[2025-12-03 21:45:07,086- INFO- main - >>>>>> stage Data Transformation stage completed <<<<<<

x==========x]
[2025-12-03 21:45:07,086- INFO- main - >>stage Model Training stage started]
[2025-12-03 21:45:07,093- INFO- common - yaml file :config\config.yaml loaded successfully]
[2025-12-03 21:45:07,093- INFO- common - yaml file :params.yaml loaded successfully]
[2025-12-03 21:45:07,099- INFO- common - yaml file :schema.yaml loaded successfully]
[2025-12-03 21:45:07,100- INFO- common - created directory at:artifacts]
[2025-12-03 21:45:07,100- INFO- common - created directory at:artifacts/model_trainer]
[2025-12-03 21:45:07,191- INFO- main - >>>>>> stage Model Training stage completed <<<<<<

x==========x]
[2025-12-03 21:45:07,191- INFO- main - >>stage MODEL_EVAL_STAGE started]
[2025-12-03 21:45:07,193- INFO- common - yaml file :config\config.yaml loaded successfully]
[2025-12-03 21:45:07,195- INFO- common - yaml file :params.yaml loaded successfully]
[2025-12-03 21:45:07,197- INFO- common - yaml file :schema.yaml loaded successfully]
[2025-12-03 21:45:07,197- INFO- common - created directory at:artifacts]
[2025-12-03 21:45:07,199- INFO- common - created directory at:artifacts/model_evaluation]
[2025-12-03 21:45:09,479- INFO- common - json file saved at:artifacts\model_evaluation\metric.json]
[2025-12-03 21:45:12,353- INFO- main - >>>>>> stage MODEL_EVAL_STAGE completed <<<<<<

x==========x]
[2025-12-03 21:45:12,942- INFO- _internal - 127.0.0.1 - - [03/Dec/2025 21:45:12] "GET /train HTTP/1.1" 200 -]
[2025-12-03 21:45:56,041- INFO- _internal - 127.0.0.1 - - [03/Dec/2025 21:45:56] "GET / HTTP/1.1" 200 -]
[2025-12-03 21:45:56,074- INFO- _internal - 127.0.0.1 - - [03/Dec/2025 21:45:56] "[33mGET /static/assets/img/form-v9.jpg HTTP/1.1[0m" 404 -]
[2025-12-03 21:46:21,105- INFO- _internal - 127.0.0.1 - - [03/Dec/2025 21:46:21] "POST /predict HTTP/1.1" 200 -]
[2025-12-04 12:29:32,558- INFO- _internal - [31m[1mWARNING: This is a development server. Do not use it in a production deployment. Use a production WSGI server instead.[0m
 * Running on all addresses (0.0.0.0)
 * Running on http://127.0.0.1:8080
 * Running on http://10.83.150.73:8080]
[2025-12-04 12:29:32,559- INFO- _internal - [33mPress CTRL+C to quit[0m]
[2025-12-04 12:29:43,962- INFO- _internal - 127.0.0.1 - - [04/Dec/2025 12:29:43] "GET / HTTP/1.1" 200 -]
[2025-12-04 12:29:43,993- INFO- _internal - 127.0.0.1 - - [04/Dec/2025 12:29:43] "[33mGET /static/assets/img/form-v9.jpg HTTP/1.1[0m" 404 -]
[2025-12-04 12:29:44,068- INFO- _internal - 127.0.0.1 - - [04/Dec/2025 12:29:44] "[33mGET /favicon.ico HTTP/1.1[0m" 404 -]
[2025-12-04 12:30:07,373- INFO- main - >>>>>> stage Data Ingestion Stage started <<<<<<]
[2025-12-04 12:30:07,390- INFO- common - yaml file :config\config.yaml loaded successfully]
[2025-12-04 12:30:07,419- INFO- common - yaml file :params.yaml loaded successfully]
[2025-12-04 12:30:07,454- INFO- common - yaml file :schema.yaml loaded successfully]
[2025-12-04 12:30:07,455- INFO- common - created directory at:artifacts]
[2025-12-04 12:30:07,456- INFO- common - created directory at:artifacts/data_ingestion]
[2025-12-04 12:30:07,456- INFO- data_ingestion - File already exists]
[2025-12-04 12:30:07,475- INFO- main - >>>>>> stage Data Ingestion Stage completed <<<<]
[2025-12-04 12:30:07,475- INFO- main - >>stage Data Validation stage started]
[2025-12-04 12:30:07,479- INFO- common - yaml file :config\config.yaml loaded successfully]
[2025-12-04 12:30:07,480- INFO- common - yaml file :params.yaml loaded successfully]
[2025-12-04 12:30:07,483- INFO- common - yaml file :schema.yaml loaded successfully]
[2025-12-04 12:30:07,484- INFO- common - created directory at:artifacts]
[2025-12-04 12:30:07,484- INFO- common - created directory at:artifacts/data_validation]
[2025-12-04 12:30:07,525- INFO- main - >>>>>> stage Data Validation stage completed <<<<<<

x==========x]
[2025-12-04 12:30:07,527- INFO- main - >>stage Data Transformation stage started]
[2025-12-04 12:30:07,557- INFO- common - yaml file :config\config.yaml loaded successfully]
[2025-12-04 12:30:07,558- INFO- common - yaml file :params.yaml loaded successfully]
[2025-12-04 12:30:07,561- INFO- common - yaml file :schema.yaml loaded successfully]
[2025-12-04 12:30:07,562- INFO- common - created directory at:artifacts]
[2025-12-04 12:30:07,563- INFO- common - created directory at:artifacts/data_transformation]
[2025-12-04 12:30:07,589- INFO- data_transformation - data transformation is done]
[2025-12-04 12:30:07,590- INFO- data_transformation - (1199, 12)]
[2025-12-04 12:30:07,590- INFO- data_transformation - (400, 12)]
[2025-12-04 12:30:07,591- INFO- main - >>>>>> stage Data Transformation stage completed <<<<<<

x==========x]
[2025-12-04 12:30:07,591- INFO- main - >>stage Model Training stage started]
[2025-12-04 12:30:07,594- INFO- common - yaml file :config\config.yaml loaded successfully]
[2025-12-04 12:30:07,596- INFO- common - yaml file :params.yaml loaded successfully]
[2025-12-04 12:30:07,598- INFO- common - yaml file :schema.yaml loaded successfully]
[2025-12-04 12:30:07,599- INFO- common - created directory at:artifacts]
[2025-12-04 12:30:07,599- INFO- common - created directory at:artifacts/model_trainer]
[2025-12-04 12:30:07,675- INFO- main - >>>>>> stage Model Training stage completed <<<<<<

x==========x]
[2025-12-04 12:30:07,675- INFO- main - >>stage MODEL_EVAL_STAGE started]
[2025-12-04 12:30:07,679- INFO- common - yaml file :config\config.yaml loaded successfully]
[2025-12-04 12:30:07,679- INFO- common - yaml file :params.yaml loaded successfully]
[2025-12-04 12:30:07,681- INFO- common - yaml file :schema.yaml loaded successfully]
[2025-12-04 12:30:07,682- INFO- common - created directory at:artifacts]
[2025-12-04 12:30:07,682- INFO- common - created directory at:artifacts/model_evaluation]
[2025-12-04 12:30:10,520- INFO- common - json file saved at:artifacts\model_evaluation\metric.json]
[2025-12-04 12:30:13,508- INFO- main - >>>>>> stage MODEL_EVAL_STAGE completed <<<<<<

x==========x]
[2025-12-04 12:30:13,811- INFO- _internal - 127.0.0.1 - - [04/Dec/2025 12:30:13] "GET /train HTTP/1.1" 200 -]
[2025-12-04 12:30:44,192- INFO- _internal - 127.0.0.1 - - [04/Dec/2025 12:30:44] "POST /predict HTTP/1.1" 200 -]
[2025-12-04 12:33:18,985- INFO- main - >>>>>> stage Data Ingestion Stage started <<<<<<]
[2025-12-04 12:33:18,999- INFO- common - yaml file :config\config.yaml loaded successfully]
[2025-12-04 12:33:19,004- INFO- common - yaml file :params.yaml loaded successfully]
[2025-12-04 12:33:19,012- INFO- common - yaml file :schema.yaml loaded successfully]
[2025-12-04 12:33:19,017- INFO- common - created directory at:artifacts]
[2025-12-04 12:33:19,020- INFO- common - created directory at:artifacts/data_ingestion]
[2025-12-04 12:33:19,022- INFO- data_ingestion - File already exists]
[2025-12-04 12:33:19,038- INFO- main - >>>>>> stage Data Ingestion Stage completed <<<<]
[2025-12-04 12:33:19,038- INFO- main - >>stage Data Validation stage started]
[2025-12-04 12:33:19,049- INFO- common - yaml file :config\config.yaml loaded successfully]
[2025-12-04 12:33:19,054- INFO- common - yaml file :params.yaml loaded successfully]
[2025-12-04 12:33:19,060- INFO- common - yaml file :schema.yaml loaded successfully]
[2025-12-04 12:33:19,063- INFO- common - created directory at:artifacts]
[2025-12-04 12:33:19,064- INFO- common - created directory at:artifacts/data_validation]
[2025-12-04 12:33:19,130- INFO- main - >>>>>> stage Data Validation stage completed <<<<<<

x==========x]
[2025-12-04 12:33:19,135- INFO- main - >>stage Data Transformation stage started]
[2025-12-04 12:33:19,150- INFO- common - yaml file :config\config.yaml loaded successfully]
[2025-12-04 12:33:19,155- INFO- common - yaml file :params.yaml loaded successfully]
[2025-12-04 12:33:19,164- INFO- common - yaml file :schema.yaml loaded successfully]
[2025-12-04 12:33:19,171- INFO- common - created directory at:artifacts]
[2025-12-04 12:33:19,172- INFO- common - created directory at:artifacts/data_transformation]
[2025-12-04 12:33:19,229- INFO- data_transformation - data transformation is done]
[2025-12-04 12:33:19,230- INFO- data_transformation - (1199, 12)]
[2025-12-04 12:33:19,233- INFO- data_transformation - (400, 12)]
[2025-12-04 12:33:19,235- INFO- main - >>>>>> stage Data Transformation stage completed <<<<<<

x==========x]
[2025-12-04 12:33:19,235- INFO- main - >>stage Model Training stage started]
[2025-12-04 12:33:19,248- INFO- common - yaml file :config\config.yaml loaded successfully]
[2025-12-04 12:33:19,252- INFO- common - yaml file :params.yaml loaded successfully]
[2025-12-04 12:33:19,262- INFO- common - yaml file :schema.yaml loaded successfully]
[2025-12-04 12:33:19,265- INFO- common - created directory at:artifacts]
[2025-12-04 12:33:19,266- INFO- common - created directory at:artifacts/model_trainer]
[2025-12-04 12:33:19,426- INFO- main - >>>>>> stage Model Training stage completed <<<<<<

x==========x]
[2025-12-04 12:33:19,427- INFO- main - >>stage MODEL_EVAL_STAGE started]
[2025-12-04 12:33:19,435- INFO- common - yaml file :config\config.yaml loaded successfully]
[2025-12-04 12:33:19,439- INFO- common - yaml file :params.yaml loaded successfully]
[2025-12-04 12:33:19,448- INFO- common - yaml file :schema.yaml loaded successfully]
[2025-12-04 12:33:19,451- INFO- common - created directory at:artifacts]
[2025-12-04 12:33:19,462- INFO- common - created directory at:artifacts/model_evaluation]
[2025-12-04 12:33:23,873- INFO- common - json file saved at:artifacts\model_evaluation\metric.json]
[2025-12-04 12:33:27,113- INFO- main - >>>>>> stage MODEL_EVAL_STAGE completed <<<<<<

x==========x]
[2025-12-04 12:33:27,737- INFO- _internal - 127.0.0.1 - - [04/Dec/2025 12:33:27] "GET /train HTTP/1.1" 200 -]
[2025-12-04 12:33:55,688- INFO- _internal - 127.0.0.1 - - [04/Dec/2025 12:33:55] "POST /predict HTTP/1.1" 200 -]
